[1.432s] DEBUG:colcon:Command line arguments: ['/usr/bin/colcon', 'build', '--packages-select', 'brain_system']
[1.433s] DEBUG:colcon:Parsed command line arguments: Namespace(allow_overriding=[], ament_cmake_args=None, base_paths=['.'], build_base='build', catkin_cmake_args=None, catkin_skip_building_tests=False, cmake_args=None, cmake_clean_cache=False, cmake_clean_first=False, cmake_force_configure=False, cmake_target=None, cmake_target_skip_unavailable=False, continue_on_error=False, event_handlers=None, executor='parallel', ignore_user_meta=False, install_base='install', log_base=None, log_level=None, main=<bound method BuildVerb.main of <colcon_core.verb.build.BuildVerb object at 0x7fdd5e96c880>>, merge_install=False, metas=['./colcon.meta'], packages_above=None, packages_above_and_dependencies=None, packages_above_depth=None, packages_end=None, packages_ignore=None, packages_ignore_regex=None, packages_select=['brain_system'], packages_select_build_failed=False, packages_select_by_dep=None, packages_select_regex=None, packages_select_test_failures=False, packages_skip=None, packages_skip_build_finished=False, packages_skip_by_dep=None, packages_skip_regex=None, packages_skip_test_passed=False, packages_skip_up_to=None, packages_start=None, packages_up_to=None, packages_up_to_regex=None, parallel_workers=4, paths=None, symlink_install=False, test_result_base=None, verb_extension=<colcon_core.verb.build.BuildVerb object at 0x7fdd5e96c880>, verb_name='build', verb_parser=<colcon_defaults.argument_parser.defaults.DefaultArgumentsDecorator object at 0x7fdd5e96cdf0>)
[1.560s] Level 1:colcon.colcon_core.package_discovery:discover_packages(colcon_meta) check parameters
[1.561s] Level 1:colcon.colcon_core.package_discovery:discover_packages(recursive) check parameters
[1.561s] Level 1:colcon.colcon_core.package_discovery:discover_packages(ignore) check parameters
[1.561s] Level 1:colcon.colcon_core.package_discovery:discover_packages(path) check parameters
[1.561s] Level 1:colcon.colcon_core.package_discovery:discover_packages(colcon_meta) discover
[1.561s] Level 1:colcon.colcon_core.package_discovery:discover_packages(recursive) discover
[1.562s] INFO:colcon.colcon_core.package_discovery:Crawling recursively for packages in '/home/ian/rover_ros/rover_nucleus'
[1.562s] Level 1:colcon.colcon_core.package_identification:_identify(.) by extensions ['ignore', 'ignore_ament_install']
[1.562s] Level 1:colcon.colcon_core.package_identification:_identify(.) by extension 'ignore'
[1.563s] Level 1:colcon.colcon_core.package_identification:_identify(.) by extension 'ignore_ament_install'
[1.563s] Level 1:colcon.colcon_core.package_identification:_identify(.) by extensions ['colcon_pkg']
[1.563s] Level 1:colcon.colcon_core.package_identification:_identify(.) by extension 'colcon_pkg'
[1.563s] Level 1:colcon.colcon_core.package_identification:_identify(.) by extensions ['colcon_meta']
[1.563s] Level 1:colcon.colcon_core.package_identification:_identify(.) by extension 'colcon_meta'
[1.564s] Level 1:colcon.colcon_core.package_identification:_identify(.) by extensions ['ros']
[1.564s] Level 1:colcon.colcon_core.package_identification:_identify(.) by extension 'ros'
[1.655s] Level 1:colcon.colcon_core.package_identification:_identify(.) by extensions ['cmake', 'python']
[1.656s] Level 1:colcon.colcon_core.package_identification:_identify(.) by extension 'cmake'
[1.656s] Level 1:colcon.colcon_core.package_identification:_identify(.) by extension 'python'
[1.656s] Level 1:colcon.colcon_core.package_identification:_identify(.) by extensions ['python_setup_py']
[1.656s] Level 1:colcon.colcon_core.package_identification:_identify(.) by extension 'python_setup_py'
[1.657s] Level 1:colcon.colcon_core.package_identification:_identify(build) by extensions ['ignore', 'ignore_ament_install']
[1.657s] Level 1:colcon.colcon_core.package_identification:_identify(build) by extension 'ignore'
[1.657s] Level 1:colcon.colcon_core.package_identification:_identify(build) ignored
[1.658s] Level 1:colcon.colcon_core.package_identification:_identify(install) by extensions ['ignore', 'ignore_ament_install']
[1.658s] Level 1:colcon.colcon_core.package_identification:_identify(install) by extension 'ignore'
[1.659s] Level 1:colcon.colcon_core.package_identification:_identify(install) ignored
[1.659s] Level 1:colcon.colcon_core.package_identification:_identify(log) by extensions ['ignore', 'ignore_ament_install']
[1.659s] Level 1:colcon.colcon_core.package_identification:_identify(log) by extension 'ignore'
[1.660s] Level 1:colcon.colcon_core.package_identification:_identify(log) ignored
[1.660s] Level 1:colcon.colcon_core.package_identification:_identify(src) by extensions ['ignore', 'ignore_ament_install']
[1.660s] Level 1:colcon.colcon_core.package_identification:_identify(src) by extension 'ignore'
[1.661s] Level 1:colcon.colcon_core.package_identification:_identify(src) by extension 'ignore_ament_install'
[1.661s] Level 1:colcon.colcon_core.package_identification:_identify(src) by extensions ['colcon_pkg']
[1.661s] Level 1:colcon.colcon_core.package_identification:_identify(src) by extension 'colcon_pkg'
[1.661s] Level 1:colcon.colcon_core.package_identification:_identify(src) by extensions ['colcon_meta']
[1.661s] Level 1:colcon.colcon_core.package_identification:_identify(src) by extension 'colcon_meta'
[1.662s] Level 1:colcon.colcon_core.package_identification:_identify(src) by extensions ['ros']
[1.662s] Level 1:colcon.colcon_core.package_identification:_identify(src) by extension 'ros'
[1.662s] Level 1:colcon.colcon_core.package_identification:_identify(src) by extensions ['cmake', 'python']
[1.662s] Level 1:colcon.colcon_core.package_identification:_identify(src) by extension 'cmake'
[1.662s] Level 1:colcon.colcon_core.package_identification:_identify(src) by extension 'python'
[1.663s] Level 1:colcon.colcon_core.package_identification:_identify(src) by extensions ['python_setup_py']
[1.663s] Level 1:colcon.colcon_core.package_identification:_identify(src) by extension 'python_setup_py'
[1.663s] Level 1:colcon.colcon_core.package_identification:_identify(src/brain_system) by extensions ['ignore', 'ignore_ament_install']
[1.664s] Level 1:colcon.colcon_core.package_identification:_identify(src/brain_system) by extension 'ignore'
[1.664s] Level 1:colcon.colcon_core.package_identification:_identify(src/brain_system) by extension 'ignore_ament_install'
[1.664s] Level 1:colcon.colcon_core.package_identification:_identify(src/brain_system) by extensions ['colcon_pkg']
[1.664s] Level 1:colcon.colcon_core.package_identification:_identify(src/brain_system) by extension 'colcon_pkg'
[1.665s] Level 1:colcon.colcon_core.package_identification:_identify(src/brain_system) by extensions ['colcon_meta']
[1.665s] Level 1:colcon.colcon_core.package_identification:_identify(src/brain_system) by extension 'colcon_meta'
[1.665s] Level 1:colcon.colcon_core.package_identification:_identify(src/brain_system) by extensions ['ros']
[1.665s] Level 1:colcon.colcon_core.package_identification:_identify(src/brain_system) by extension 'ros'
[1.675s] DEBUG:colcon.colcon_core.package_identification:Package 'src/brain_system' with type 'ros.ament_python' and name 'brain_system'
[1.675s] Level 1:colcon.colcon_core.package_identification:_identify(src/ros_tutorials) by extensions ['ignore', 'ignore_ament_install']
[1.676s] Level 1:colcon.colcon_core.package_identification:_identify(src/ros_tutorials) by extension 'ignore'
[1.676s] Level 1:colcon.colcon_core.package_identification:_identify(src/ros_tutorials) by extension 'ignore_ament_install'
[1.676s] Level 1:colcon.colcon_core.package_identification:_identify(src/ros_tutorials) by extensions ['colcon_pkg']
[1.677s] Level 1:colcon.colcon_core.package_identification:_identify(src/ros_tutorials) by extension 'colcon_pkg'
[1.677s] Level 1:colcon.colcon_core.package_identification:_identify(src/ros_tutorials) by extensions ['colcon_meta']
[1.677s] Level 1:colcon.colcon_core.package_identification:_identify(src/ros_tutorials) by extension 'colcon_meta'
[1.677s] Level 1:colcon.colcon_core.package_identification:_identify(src/ros_tutorials) by extensions ['ros']
[1.677s] Level 1:colcon.colcon_core.package_identification:_identify(src/ros_tutorials) by extension 'ros'
[1.678s] Level 1:colcon.colcon_core.package_identification:_identify(src/ros_tutorials) by extensions ['cmake', 'python']
[1.678s] Level 1:colcon.colcon_core.package_identification:_identify(src/ros_tutorials) by extension 'cmake'
[1.678s] Level 1:colcon.colcon_core.package_identification:_identify(src/ros_tutorials) by extension 'python'
[1.678s] Level 1:colcon.colcon_core.package_identification:_identify(src/ros_tutorials) by extensions ['python_setup_py']
[1.678s] Level 1:colcon.colcon_core.package_identification:_identify(src/ros_tutorials) by extension 'python_setup_py'
[1.679s] Level 1:colcon.colcon_core.package_identification:_identify(src/ros_tutorials/ros_tutorials) by extensions ['ignore', 'ignore_ament_install']
[1.679s] Level 1:colcon.colcon_core.package_identification:_identify(src/ros_tutorials/ros_tutorials) by extension 'ignore'
[1.679s] Level 1:colcon.colcon_core.package_identification:_identify(src/ros_tutorials/ros_tutorials) ignored
[1.680s] Level 1:colcon.colcon_core.package_identification:_identify(src/ros_tutorials/roscpp_tutorials) by extensions ['ignore', 'ignore_ament_install']
[1.680s] Level 1:colcon.colcon_core.package_identification:_identify(src/ros_tutorials/roscpp_tutorials) by extension 'ignore'
[1.680s] Level 1:colcon.colcon_core.package_identification:_identify(src/ros_tutorials/roscpp_tutorials) ignored
[1.681s] Level 1:colcon.colcon_core.package_identification:_identify(src/ros_tutorials/rospy_tutorials) by extensions ['ignore', 'ignore_ament_install']
[1.681s] Level 1:colcon.colcon_core.package_identification:_identify(src/ros_tutorials/rospy_tutorials) by extension 'ignore'
[1.681s] Level 1:colcon.colcon_core.package_identification:_identify(src/ros_tutorials/rospy_tutorials) ignored
[1.682s] Level 1:colcon.colcon_core.package_identification:_identify(src/ros_tutorials/turtlesim) by extensions ['ignore', 'ignore_ament_install']
[1.682s] Level 1:colcon.colcon_core.package_identification:_identify(src/ros_tutorials/turtlesim) by extension 'ignore'
[1.682s] Level 1:colcon.colcon_core.package_identification:_identify(src/ros_tutorials/turtlesim) by extension 'ignore_ament_install'
[1.683s] Level 1:colcon.colcon_core.package_identification:_identify(src/ros_tutorials/turtlesim) by extensions ['colcon_pkg']
[1.683s] Level 1:colcon.colcon_core.package_identification:_identify(src/ros_tutorials/turtlesim) by extension 'colcon_pkg'
[1.683s] Level 1:colcon.colcon_core.package_identification:_identify(src/ros_tutorials/turtlesim) by extensions ['colcon_meta']
[1.683s] Level 1:colcon.colcon_core.package_identification:_identify(src/ros_tutorials/turtlesim) by extension 'colcon_meta'
[1.683s] Level 1:colcon.colcon_core.package_identification:_identify(src/ros_tutorials/turtlesim) by extensions ['ros']
[1.684s] Level 1:colcon.colcon_core.package_identification:_identify(src/ros_tutorials/turtlesim) by extension 'ros'
[1.689s] DEBUG:colcon.colcon_core.package_identification:Package 'src/ros_tutorials/turtlesim' with type 'ros.ament_cmake' and name 'turtlesim'
[1.689s] Level 1:colcon.colcon_core.package_discovery:discover_packages(recursive) using defaults
[1.690s] Level 1:colcon.colcon_core.package_discovery:discover_packages(ignore) discover
[1.690s] Level 1:colcon.colcon_core.package_discovery:discover_packages(ignore) using defaults
[1.690s] Level 1:colcon.colcon_core.package_discovery:discover_packages(path) discover
[1.690s] Level 1:colcon.colcon_core.package_discovery:discover_packages(path) using defaults
[1.772s] INFO:colcon.colcon_core.package_selection:Skipping not selected package 'turtlesim' in 'src/ros_tutorials/turtlesim'
[1.775s] Level 1:colcon.colcon_core.package_discovery:discover_packages(prefix_path) check parameters
[1.776s] Level 1:colcon.colcon_core.package_discovery:discover_packages(prefix_path) discover
[1.791s] DEBUG:colcon.colcon_installed_package_information.package_discovery:Found 1 installed packages in /home/ian/rover_ros/rover_nucleus/install
[1.797s] Level 1:colcon.colcon_core.package_discovery:discover_packages(prefix_path) using defaults
[1.807s] Level 5:colcon.colcon_core.verb:set package 'brain_system' build argument 'cmake_args' from command line to 'None'
[1.807s] Level 5:colcon.colcon_core.verb:set package 'brain_system' build argument 'cmake_target' from command line to 'None'
[1.808s] Level 5:colcon.colcon_core.verb:set package 'brain_system' build argument 'cmake_target_skip_unavailable' from command line to 'False'
[1.808s] Level 5:colcon.colcon_core.verb:set package 'brain_system' build argument 'cmake_clean_cache' from command line to 'False'
[1.808s] Level 5:colcon.colcon_core.verb:set package 'brain_system' build argument 'cmake_clean_first' from command line to 'False'
[1.808s] Level 5:colcon.colcon_core.verb:set package 'brain_system' build argument 'cmake_force_configure' from command line to 'False'
[1.808s] Level 5:colcon.colcon_core.verb:set package 'brain_system' build argument 'ament_cmake_args' from command line to 'None'
[1.808s] Level 5:colcon.colcon_core.verb:set package 'brain_system' build argument 'catkin_cmake_args' from command line to 'None'
[1.809s] Level 5:colcon.colcon_core.verb:set package 'brain_system' build argument 'catkin_skip_building_tests' from command line to 'False'
[1.809s] DEBUG:colcon.colcon_core.verb:Building package 'brain_system' with the following arguments: {'ament_cmake_args': None, 'build_base': '/home/ian/rover_ros/rover_nucleus/build/brain_system', 'catkin_cmake_args': None, 'catkin_skip_building_tests': False, 'cmake_args': None, 'cmake_clean_cache': False, 'cmake_clean_first': False, 'cmake_force_configure': False, 'cmake_target': None, 'cmake_target_skip_unavailable': False, 'install_base': '/home/ian/rover_ros/rover_nucleus/install/brain_system', 'merge_install': False, 'path': '/home/ian/rover_ros/rover_nucleus/src/brain_system', 'symlink_install': False, 'test_result_base': None}
[1.812s] INFO:colcon.colcon_core.executor:Executing jobs using 'parallel' executor
[1.836s] DEBUG:colcon.colcon_parallel_executor.executor.parallel:run_until_complete
[1.837s] INFO:colcon.colcon_ros.task.ament_python.build:Building ROS package in '/home/ian/rover_ros/rover_nucleus/src/brain_system' with build type 'ament_python'
[1.837s] Level 1:colcon.colcon_core.shell:create_environment_hook('brain_system', 'ament_prefix_path')
[1.864s] INFO:colcon.colcon_core.plugin_system:Skipping extension 'colcon_core.shell.bat': Not used on non-Windows systems
[1.865s] INFO:colcon.colcon_core.shell:Creating environment hook '/home/ian/rover_ros/rover_nucleus/install/brain_system/share/brain_system/hook/ament_prefix_path.ps1'
[1.868s] INFO:colcon.colcon_core.shell:Creating environment descriptor '/home/ian/rover_ros/rover_nucleus/install/brain_system/share/brain_system/hook/ament_prefix_path.dsv'
[1.870s] INFO:colcon.colcon_core.shell:Creating environment hook '/home/ian/rover_ros/rover_nucleus/install/brain_system/share/brain_system/hook/ament_prefix_path.sh'
[1.879s] INFO:colcon.colcon_core.shell:Skip shell extension 'powershell' for command environment: Not usable outside of PowerShell
[1.880s] DEBUG:colcon.colcon_core.shell:Skip shell extension 'dsv' for command environment
[1.891s] DEBUG:colcon.colcon_core.shell:Ignoring prefix path '/home/ian/catkin_ws/devel'
[1.894s] DEBUG:colcon.colcon_core.shell:Ignoring prefix path '/opt/ros/noetic'
[2.972s] INFO:colcon.colcon_core.task.python.build:Building Python package in '/home/ian/rover_ros/rover_nucleus/src/brain_system'
[2.982s] INFO:colcon.colcon_core.shell:Skip shell extension 'powershell' for command environment: Not usable outside of PowerShell
[2.982s] DEBUG:colcon.colcon_core.shell:Skip shell extension 'dsv' for command environment
[2.995s] DEBUG:colcon.colcon_core.shell:Ignoring prefix path '/home/ian/catkin_ws/devel'
[2.999s] DEBUG:colcon.colcon_core.shell:Ignoring prefix path '/opt/ros/noetic'
[4.902s] DEBUG:colcon.colcon_core.event_handler.log_command:Invoking command in '/home/ian/rover_ros/rover_nucleus/src/brain_system': PYTHONPATH=/home/ian/rover_ros/rover_nucleus/build/brain_system/prefix_override:/home/ian/rover_ros/rover_nucleus/install/brain_system/lib/python3.8/site-packages:${PYTHONPATH} /usr/bin/python3 setup.py egg_info --egg-base ../../build/brain_system build --build-base /home/ian/rover_ros/rover_nucleus/build/brain_system/build install --record /home/ian/rover_ros/rover_nucleus/build/brain_system/install.log --install-scripts $base/lib/brain_system --single-version-externally-managed
[6.274s] DEBUG:colcon.colcon_core.event_handler.log_command:Invoked command in '/home/ian/rover_ros/rover_nucleus/src/brain_system' returned '0': PYTHONPATH=/home/ian/rover_ros/rover_nucleus/build/brain_system/prefix_override:/home/ian/rover_ros/rover_nucleus/install/brain_system/lib/python3.8/site-packages:${PYTHONPATH} /usr/bin/python3 setup.py egg_info --egg-base ../../build/brain_system build --build-base /home/ian/rover_ros/rover_nucleus/build/brain_system/build install --record /home/ian/rover_ros/rover_nucleus/build/brain_system/install.log --install-scripts $base/lib/brain_system --single-version-externally-managed
[6.303s] Level 1:colcon.colcon_core.environment:checking '/home/ian/rover_ros/rover_nucleus/install/brain_system' for CMake module files
[6.305s] Level 1:colcon.colcon_core.environment:checking '/home/ian/rover_ros/rover_nucleus/install/brain_system' for CMake config files
[6.309s] Level 1:colcon.colcon_core.environment:checking '/home/ian/rover_ros/rover_nucleus/install/brain_system/lib'
[6.310s] Level 1:colcon.colcon_core.environment:checking '/home/ian/rover_ros/rover_nucleus/install/brain_system/bin'
[6.310s] Level 1:colcon.colcon_core.environment:checking '/home/ian/rover_ros/rover_nucleus/install/brain_system/lib/pkgconfig/brain_system.pc'
[6.311s] Level 1:colcon.colcon_core.environment:checking '/home/ian/rover_ros/rover_nucleus/install/brain_system/lib/python3.8/site-packages'
[6.311s] Level 1:colcon.colcon_core.shell:create_environment_hook('brain_system', 'pythonpath')
[6.318s] INFO:colcon.colcon_core.shell:Creating environment hook '/home/ian/rover_ros/rover_nucleus/install/brain_system/share/brain_system/hook/pythonpath.ps1'
[6.323s] INFO:colcon.colcon_core.shell:Creating environment descriptor '/home/ian/rover_ros/rover_nucleus/install/brain_system/share/brain_system/hook/pythonpath.dsv'
[6.325s] INFO:colcon.colcon_core.shell:Creating environment hook '/home/ian/rover_ros/rover_nucleus/install/brain_system/share/brain_system/hook/pythonpath.sh'
[6.330s] Level 1:colcon.colcon_core.environment:checking '/home/ian/rover_ros/rover_nucleus/install/brain_system/bin'
[6.330s] Level 1:colcon.colcon_core.environment:create_environment_scripts_only(brain_system)
[6.339s] INFO:colcon.colcon_core.shell:Creating package script '/home/ian/rover_ros/rover_nucleus/install/brain_system/share/brain_system/package.ps1'
[6.342s] INFO:colcon.colcon_core.shell:Creating package descriptor '/home/ian/rover_ros/rover_nucleus/install/brain_system/share/brain_system/package.dsv'
[6.345s] INFO:colcon.colcon_core.shell:Creating package script '/home/ian/rover_ros/rover_nucleus/install/brain_system/share/brain_system/package.sh'
[6.349s] INFO:colcon.colcon_core.shell:Creating package script '/home/ian/rover_ros/rover_nucleus/install/brain_system/share/brain_system/package.bash'
[6.352s] INFO:colcon.colcon_core.shell:Creating package script '/home/ian/rover_ros/rover_nucleus/install/brain_system/share/brain_system/package.zsh'
[6.355s] Level 1:colcon.colcon_core.environment:create_file_with_runtime_dependencies(/home/ian/rover_ros/rover_nucleus/install/brain_system/share/colcon-core/packages/brain_system)
[6.357s] DEBUG:colcon.colcon_parallel_executor.executor.parallel:closing loop
[6.357s] DEBUG:colcon.colcon_parallel_executor.executor.parallel:loop closed
[6.357s] DEBUG:colcon.colcon_parallel_executor.executor.parallel:run_until_complete finished with '0'
[6.358s] DEBUG:colcon.colcon_core.event_reactor:joining thread
[6.387s] INFO:colcon.colcon_core.plugin_system:Skipping extension 'colcon_notification.desktop_notification.terminal_notifier': Not used on non-Darwin systems
[6.387s] INFO:colcon.colcon_core.plugin_system:Skipping extension 'colcon_notification.desktop_notification.win32': Not used on non-Windows systems
[6.388s] INFO:colcon.colcon_notification.desktop_notification:Sending desktop notification using 'notify2'
[6.458s] DEBUG:colcon.colcon_core.event_reactor:joined thread
[6.471s] INFO:colcon.colcon_core.shell:Creating prefix script '/home/ian/rover_ros/rover_nucleus/install/local_setup.ps1'
[6.476s] INFO:colcon.colcon_core.shell:Creating prefix util module '/home/ian/rover_ros/rover_nucleus/install/_local_setup_util_ps1.py'
[6.482s] INFO:colcon.colcon_core.shell:Creating prefix chain script '/home/ian/rover_ros/rover_nucleus/install/setup.ps1'
[6.488s] INFO:colcon.colcon_core.shell:Creating prefix script '/home/ian/rover_ros/rover_nucleus/install/local_setup.sh'
[6.490s] INFO:colcon.colcon_core.shell:Creating prefix util module '/home/ian/rover_ros/rover_nucleus/install/_local_setup_util_sh.py'
[6.493s] INFO:colcon.colcon_core.shell:Creating prefix chain script '/home/ian/rover_ros/rover_nucleus/install/setup.sh'
[6.500s] INFO:colcon.colcon_core.shell:Creating prefix script '/home/ian/rover_ros/rover_nucleus/install/local_setup.bash'
[6.502s] INFO:colcon.colcon_core.shell:Creating prefix chain script '/home/ian/rover_ros/rover_nucleus/install/setup.bash'
[6.509s] INFO:colcon.colcon_core.shell:Creating prefix script '/home/ian/rover_ros/rover_nucleus/install/local_setup.zsh'
[6.512s] INFO:colcon.colcon_core.shell:Creating prefix chain script '/home/ian/rover_ros/rover_nucleus/install/setup.zsh'
