[1.766s] DEBUG:colcon:Command line arguments: ['/usr/bin/colcon', 'build', '--packages-select', 'brain_system']
[1.767s] DEBUG:colcon:Parsed command line arguments: Namespace(allow_overriding=[], ament_cmake_args=None, base_paths=['.'], build_base='build', catkin_cmake_args=None, catkin_skip_building_tests=False, cmake_args=None, cmake_clean_cache=False, cmake_clean_first=False, cmake_force_configure=False, cmake_target=None, cmake_target_skip_unavailable=False, continue_on_error=False, event_handlers=None, executor='parallel', ignore_user_meta=False, install_base='install', log_base=None, log_level=None, main=<bound method BuildVerb.main of <colcon_core.verb.build.BuildVerb object at 0x7face35b32e0>>, merge_install=False, metas=['./colcon.meta'], packages_above=None, packages_above_and_dependencies=None, packages_above_depth=None, packages_end=None, packages_ignore=None, packages_ignore_regex=None, packages_select=['brain_system'], packages_select_build_failed=False, packages_select_by_dep=None, packages_select_regex=None, packages_select_test_failures=False, packages_skip=None, packages_skip_build_finished=False, packages_skip_by_dep=None, packages_skip_regex=None, packages_skip_test_passed=False, packages_skip_up_to=None, packages_start=None, packages_up_to=None, packages_up_to_regex=None, parallel_workers=4, paths=None, symlink_install=False, test_result_base=None, verb_extension=<colcon_core.verb.build.BuildVerb object at 0x7face35b32e0>, verb_name='build', verb_parser=<colcon_defaults.argument_parser.defaults.DefaultArgumentsDecorator object at 0x7face35b3820>)
[1.928s] Level 1:colcon.colcon_core.package_discovery:discover_packages(colcon_meta) check parameters
[1.929s] Level 1:colcon.colcon_core.package_discovery:discover_packages(recursive) check parameters
[1.929s] Level 1:colcon.colcon_core.package_discovery:discover_packages(ignore) check parameters
[1.929s] Level 1:colcon.colcon_core.package_discovery:discover_packages(path) check parameters
[1.929s] Level 1:colcon.colcon_core.package_discovery:discover_packages(colcon_meta) discover
[1.930s] Level 1:colcon.colcon_core.package_discovery:discover_packages(recursive) discover
[1.930s] INFO:colcon.colcon_core.package_discovery:Crawling recursively for packages in '/home/ian/rover_ros/rover_nucleus'
[1.930s] Level 1:colcon.colcon_core.package_identification:_identify(.) by extensions ['ignore', 'ignore_ament_install']
[1.931s] Level 1:colcon.colcon_core.package_identification:_identify(.) by extension 'ignore'
[1.931s] Level 1:colcon.colcon_core.package_identification:_identify(.) by extension 'ignore_ament_install'
[1.931s] Level 1:colcon.colcon_core.package_identification:_identify(.) by extensions ['colcon_pkg']
[1.931s] Level 1:colcon.colcon_core.package_identification:_identify(.) by extension 'colcon_pkg'
[1.932s] Level 1:colcon.colcon_core.package_identification:_identify(.) by extensions ['colcon_meta']
[1.932s] Level 1:colcon.colcon_core.package_identification:_identify(.) by extension 'colcon_meta'
[1.932s] Level 1:colcon.colcon_core.package_identification:_identify(.) by extensions ['ros']
[1.932s] Level 1:colcon.colcon_core.package_identification:_identify(.) by extension 'ros'
[2.016s] Level 1:colcon.colcon_core.package_identification:_identify(.) by extensions ['cmake', 'python']
[2.017s] Level 1:colcon.colcon_core.package_identification:_identify(.) by extension 'cmake'
[2.017s] Level 1:colcon.colcon_core.package_identification:_identify(.) by extension 'python'
[2.017s] Level 1:colcon.colcon_core.package_identification:_identify(.) by extensions ['python_setup_py']
[2.017s] Level 1:colcon.colcon_core.package_identification:_identify(.) by extension 'python_setup_py'
[2.018s] Level 1:colcon.colcon_core.package_identification:_identify(build) by extensions ['ignore', 'ignore_ament_install']
[2.018s] Level 1:colcon.colcon_core.package_identification:_identify(build) by extension 'ignore'
[2.018s] Level 1:colcon.colcon_core.package_identification:_identify(build) ignored
[2.019s] Level 1:colcon.colcon_core.package_identification:_identify(install) by extensions ['ignore', 'ignore_ament_install']
[2.019s] Level 1:colcon.colcon_core.package_identification:_identify(install) by extension 'ignore'
[2.019s] Level 1:colcon.colcon_core.package_identification:_identify(install) ignored
[2.020s] Level 1:colcon.colcon_core.package_identification:_identify(log) by extensions ['ignore', 'ignore_ament_install']
[2.020s] Level 1:colcon.colcon_core.package_identification:_identify(log) by extension 'ignore'
[2.020s] Level 1:colcon.colcon_core.package_identification:_identify(log) ignored
[2.021s] Level 1:colcon.colcon_core.package_identification:_identify(src) by extensions ['ignore', 'ignore_ament_install']
[2.021s] Level 1:colcon.colcon_core.package_identification:_identify(src) by extension 'ignore'
[2.021s] Level 1:colcon.colcon_core.package_identification:_identify(src) by extension 'ignore_ament_install'
[2.022s] Level 1:colcon.colcon_core.package_identification:_identify(src) by extensions ['colcon_pkg']
[2.022s] Level 1:colcon.colcon_core.package_identification:_identify(src) by extension 'colcon_pkg'
[2.022s] Level 1:colcon.colcon_core.package_identification:_identify(src) by extensions ['colcon_meta']
[2.022s] Level 1:colcon.colcon_core.package_identification:_identify(src) by extension 'colcon_meta'
[2.022s] Level 1:colcon.colcon_core.package_identification:_identify(src) by extensions ['ros']
[2.022s] Level 1:colcon.colcon_core.package_identification:_identify(src) by extension 'ros'
[2.023s] Level 1:colcon.colcon_core.package_identification:_identify(src) by extensions ['cmake', 'python']
[2.023s] Level 1:colcon.colcon_core.package_identification:_identify(src) by extension 'cmake'
[2.023s] Level 1:colcon.colcon_core.package_identification:_identify(src) by extension 'python'
[2.023s] Level 1:colcon.colcon_core.package_identification:_identify(src) by extensions ['python_setup_py']
[2.023s] Level 1:colcon.colcon_core.package_identification:_identify(src) by extension 'python_setup_py'
[2.024s] Level 1:colcon.colcon_core.package_identification:_identify(src/brain_system) by extensions ['ignore', 'ignore_ament_install']
[2.024s] Level 1:colcon.colcon_core.package_identification:_identify(src/brain_system) by extension 'ignore'
[2.025s] Level 1:colcon.colcon_core.package_identification:_identify(src/brain_system) by extension 'ignore_ament_install'
[2.025s] Level 1:colcon.colcon_core.package_identification:_identify(src/brain_system) by extensions ['colcon_pkg']
[2.025s] Level 1:colcon.colcon_core.package_identification:_identify(src/brain_system) by extension 'colcon_pkg'
[2.025s] Level 1:colcon.colcon_core.package_identification:_identify(src/brain_system) by extensions ['colcon_meta']
[2.025s] Level 1:colcon.colcon_core.package_identification:_identify(src/brain_system) by extension 'colcon_meta'
[2.025s] Level 1:colcon.colcon_core.package_identification:_identify(src/brain_system) by extensions ['ros']
[2.026s] Level 1:colcon.colcon_core.package_identification:_identify(src/brain_system) by extension 'ros'
[2.035s] DEBUG:colcon.colcon_core.package_identification:Package 'src/brain_system' with type 'ros.ament_python' and name 'brain_system'
[2.036s] Level 1:colcon.colcon_core.package_identification:_identify(src/ros_tutorials) by extensions ['ignore', 'ignore_ament_install']
[2.036s] Level 1:colcon.colcon_core.package_identification:_identify(src/ros_tutorials) by extension 'ignore'
[2.036s] Level 1:colcon.colcon_core.package_identification:_identify(src/ros_tutorials) by extension 'ignore_ament_install'
[2.037s] Level 1:colcon.colcon_core.package_identification:_identify(src/ros_tutorials) by extensions ['colcon_pkg']
[2.037s] Level 1:colcon.colcon_core.package_identification:_identify(src/ros_tutorials) by extension 'colcon_pkg'
[2.037s] Level 1:colcon.colcon_core.package_identification:_identify(src/ros_tutorials) by extensions ['colcon_meta']
[2.037s] Level 1:colcon.colcon_core.package_identification:_identify(src/ros_tutorials) by extension 'colcon_meta'
[2.037s] Level 1:colcon.colcon_core.package_identification:_identify(src/ros_tutorials) by extensions ['ros']
[2.037s] Level 1:colcon.colcon_core.package_identification:_identify(src/ros_tutorials) by extension 'ros'
[2.038s] Level 1:colcon.colcon_core.package_identification:_identify(src/ros_tutorials) by extensions ['cmake', 'python']
[2.038s] Level 1:colcon.colcon_core.package_identification:_identify(src/ros_tutorials) by extension 'cmake'
[2.038s] Level 1:colcon.colcon_core.package_identification:_identify(src/ros_tutorials) by extension 'python'
[2.038s] Level 1:colcon.colcon_core.package_identification:_identify(src/ros_tutorials) by extensions ['python_setup_py']
[2.039s] Level 1:colcon.colcon_core.package_identification:_identify(src/ros_tutorials) by extension 'python_setup_py'
[2.039s] Level 1:colcon.colcon_core.package_identification:_identify(src/ros_tutorials/ros_tutorials) by extensions ['ignore', 'ignore_ament_install']
[2.040s] Level 1:colcon.colcon_core.package_identification:_identify(src/ros_tutorials/ros_tutorials) by extension 'ignore'
[2.040s] Level 1:colcon.colcon_core.package_identification:_identify(src/ros_tutorials/ros_tutorials) ignored
[2.040s] Level 1:colcon.colcon_core.package_identification:_identify(src/ros_tutorials/roscpp_tutorials) by extensions ['ignore', 'ignore_ament_install']
[2.041s] Level 1:colcon.colcon_core.package_identification:_identify(src/ros_tutorials/roscpp_tutorials) by extension 'ignore'
[2.041s] Level 1:colcon.colcon_core.package_identification:_identify(src/ros_tutorials/roscpp_tutorials) ignored
[2.041s] Level 1:colcon.colcon_core.package_identification:_identify(src/ros_tutorials/rospy_tutorials) by extensions ['ignore', 'ignore_ament_install']
[2.042s] Level 1:colcon.colcon_core.package_identification:_identify(src/ros_tutorials/rospy_tutorials) by extension 'ignore'
[2.042s] Level 1:colcon.colcon_core.package_identification:_identify(src/ros_tutorials/rospy_tutorials) ignored
[2.042s] Level 1:colcon.colcon_core.package_identification:_identify(src/ros_tutorials/turtlesim) by extensions ['ignore', 'ignore_ament_install']
[2.043s] Level 1:colcon.colcon_core.package_identification:_identify(src/ros_tutorials/turtlesim) by extension 'ignore'
[2.043s] Level 1:colcon.colcon_core.package_identification:_identify(src/ros_tutorials/turtlesim) by extension 'ignore_ament_install'
[2.043s] Level 1:colcon.colcon_core.package_identification:_identify(src/ros_tutorials/turtlesim) by extensions ['colcon_pkg']
[2.043s] Level 1:colcon.colcon_core.package_identification:_identify(src/ros_tutorials/turtlesim) by extension 'colcon_pkg'
[2.043s] Level 1:colcon.colcon_core.package_identification:_identify(src/ros_tutorials/turtlesim) by extensions ['colcon_meta']
[2.044s] Level 1:colcon.colcon_core.package_identification:_identify(src/ros_tutorials/turtlesim) by extension 'colcon_meta'
[2.044s] Level 1:colcon.colcon_core.package_identification:_identify(src/ros_tutorials/turtlesim) by extensions ['ros']
[2.044s] Level 1:colcon.colcon_core.package_identification:_identify(src/ros_tutorials/turtlesim) by extension 'ros'
[2.049s] DEBUG:colcon.colcon_core.package_identification:Package 'src/ros_tutorials/turtlesim' with type 'ros.ament_cmake' and name 'turtlesim'
[2.049s] Level 1:colcon.colcon_core.package_discovery:discover_packages(recursive) using defaults
[2.050s] Level 1:colcon.colcon_core.package_discovery:discover_packages(ignore) discover
[2.050s] Level 1:colcon.colcon_core.package_discovery:discover_packages(ignore) using defaults
[2.050s] Level 1:colcon.colcon_core.package_discovery:discover_packages(path) discover
[2.050s] Level 1:colcon.colcon_core.package_discovery:discover_packages(path) using defaults
[2.153s] INFO:colcon.colcon_core.package_selection:Skipping not selected package 'turtlesim' in 'src/ros_tutorials/turtlesim'
[2.156s] Level 1:colcon.colcon_core.package_discovery:discover_packages(prefix_path) check parameters
[2.157s] Level 1:colcon.colcon_core.package_discovery:discover_packages(prefix_path) discover
[2.165s] WARNING:colcon.colcon_ros.prefix_path.ament:The path '/home/ian/rover_ros/rover_nucleus/install/turtlesim' in the environment variable AMENT_PREFIX_PATH doesn't exist
[2.166s] WARNING:colcon.colcon_ros.prefix_path.ament:The path '/home/ian/rover_ros/rover_nucleus/install/nucleusPackage' in the environment variable AMENT_PREFIX_PATH doesn't exist
[2.166s] WARNING:colcon.colcon_ros.prefix_path.catkin:The path '/home/ian/rover_ros/rover_nucleus/install/turtlesim' in the environment variable CMAKE_PREFIX_PATH doesn't exist
[2.166s] WARNING:colcon.colcon_ros.prefix_path.catkin:The path '/home/ian/rover_ros/rover_nucleus/install/nucleusPackage' in the environment variable CMAKE_PREFIX_PATH doesn't exist
[2.173s] DEBUG:colcon.colcon_installed_package_information.package_discovery:Found 0 installed packages in /home/ian/rover_ros/rover_nucleus/install
[2.183s] DEBUG:colcon.colcon_installed_package_information.package_discovery:Found 256 installed packages in /opt/ros/foxy
[2.201s] Level 1:colcon.colcon_core.package_discovery:discover_packages(prefix_path) using defaults
[2.633s] Level 5:colcon.colcon_core.verb:set package 'brain_system' build argument 'cmake_args' from command line to 'None'
[2.633s] Level 5:colcon.colcon_core.verb:set package 'brain_system' build argument 'cmake_target' from command line to 'None'
[2.633s] Level 5:colcon.colcon_core.verb:set package 'brain_system' build argument 'cmake_target_skip_unavailable' from command line to 'False'
[2.633s] Level 5:colcon.colcon_core.verb:set package 'brain_system' build argument 'cmake_clean_cache' from command line to 'False'
[2.633s] Level 5:colcon.colcon_core.verb:set package 'brain_system' build argument 'cmake_clean_first' from command line to 'False'
[2.634s] Level 5:colcon.colcon_core.verb:set package 'brain_system' build argument 'cmake_force_configure' from command line to 'False'
[2.634s] Level 5:colcon.colcon_core.verb:set package 'brain_system' build argument 'ament_cmake_args' from command line to 'None'
[2.634s] Level 5:colcon.colcon_core.verb:set package 'brain_system' build argument 'catkin_cmake_args' from command line to 'None'
[2.634s] Level 5:colcon.colcon_core.verb:set package 'brain_system' build argument 'catkin_skip_building_tests' from command line to 'False'
[2.634s] DEBUG:colcon.colcon_core.verb:Building package 'brain_system' with the following arguments: {'ament_cmake_args': None, 'build_base': '/home/ian/rover_ros/rover_nucleus/build/brain_system', 'catkin_cmake_args': None, 'catkin_skip_building_tests': False, 'cmake_args': None, 'cmake_clean_cache': False, 'cmake_clean_first': False, 'cmake_force_configure': False, 'cmake_target': None, 'cmake_target_skip_unavailable': False, 'install_base': '/home/ian/rover_ros/rover_nucleus/install/brain_system', 'merge_install': False, 'path': '/home/ian/rover_ros/rover_nucleus/src/brain_system', 'symlink_install': False, 'test_result_base': None}
[2.637s] INFO:colcon.colcon_core.executor:Executing jobs using 'parallel' executor
[2.658s] DEBUG:colcon.colcon_parallel_executor.executor.parallel:run_until_complete
[2.659s] INFO:colcon.colcon_ros.task.ament_python.build:Building ROS package in '/home/ian/rover_ros/rover_nucleus/src/brain_system' with build type 'ament_python'
[2.660s] Level 1:colcon.colcon_core.shell:create_environment_hook('brain_system', 'ament_prefix_path')
[2.698s] INFO:colcon.colcon_core.plugin_system:Skipping extension 'colcon_core.shell.bat': Not used on non-Windows systems
[2.700s] INFO:colcon.colcon_core.shell:Creating environment hook '/home/ian/rover_ros/rover_nucleus/install/brain_system/share/brain_system/hook/ament_prefix_path.ps1'
[2.705s] INFO:colcon.colcon_core.shell:Creating environment descriptor '/home/ian/rover_ros/rover_nucleus/install/brain_system/share/brain_system/hook/ament_prefix_path.dsv'
[2.708s] INFO:colcon.colcon_core.shell:Creating environment hook '/home/ian/rover_ros/rover_nucleus/install/brain_system/share/brain_system/hook/ament_prefix_path.sh'
[2.718s] INFO:colcon.colcon_core.shell:Skip shell extension 'powershell' for command environment: Not usable outside of PowerShell
[2.718s] DEBUG:colcon.colcon_core.shell:Skip shell extension 'dsv' for command environment
[2.737s] DEBUG:colcon.colcon_core.shell:Ignoring prefix path '/home/ian/catkin_ws/devel'
[2.741s] DEBUG:colcon.colcon_core.shell:Ignoring prefix path '/opt/ros/noetic'
[3.932s] INFO:colcon.colcon_core.task.python.build:Building Python package in '/home/ian/rover_ros/rover_nucleus/src/brain_system'
[3.942s] INFO:colcon.colcon_core.shell:Skip shell extension 'powershell' for command environment: Not usable outside of PowerShell
[3.943s] DEBUG:colcon.colcon_core.shell:Skip shell extension 'dsv' for command environment
[3.963s] DEBUG:colcon.colcon_core.shell:Ignoring prefix path '/home/ian/catkin_ws/devel'
[3.967s] DEBUG:colcon.colcon_core.shell:Ignoring prefix path '/opt/ros/noetic'
[6.129s] DEBUG:colcon.colcon_core.event_handler.log_command:Invoking command in '/home/ian/rover_ros/rover_nucleus/src/brain_system': PYTHONPATH=/home/ian/rover_ros/rover_nucleus/build/brain_system/prefix_override:/home/ian/rover_ros/rover_nucleus/install/brain_system/lib/python3.8/site-packages:${PYTHONPATH} /usr/bin/python3 setup.py egg_info --egg-base ../../build/brain_system build --build-base /home/ian/rover_ros/rover_nucleus/build/brain_system/build install --record /home/ian/rover_ros/rover_nucleus/build/brain_system/install.log --install-scripts $base/lib/brain_system --single-version-externally-managed
[7.637s] DEBUG:colcon.colcon_core.event_handler.log_command:Invoked command in '/home/ian/rover_ros/rover_nucleus/src/brain_system' returned '0': PYTHONPATH=/home/ian/rover_ros/rover_nucleus/build/brain_system/prefix_override:/home/ian/rover_ros/rover_nucleus/install/brain_system/lib/python3.8/site-packages:${PYTHONPATH} /usr/bin/python3 setup.py egg_info --egg-base ../../build/brain_system build --build-base /home/ian/rover_ros/rover_nucleus/build/brain_system/build install --record /home/ian/rover_ros/rover_nucleus/build/brain_system/install.log --install-scripts $base/lib/brain_system --single-version-externally-managed
[7.670s] Level 1:colcon.colcon_core.environment:checking '/home/ian/rover_ros/rover_nucleus/install/brain_system' for CMake module files
[7.673s] Level 1:colcon.colcon_core.environment:checking '/home/ian/rover_ros/rover_nucleus/install/brain_system' for CMake config files
[7.676s] Level 1:colcon.colcon_core.environment:checking '/home/ian/rover_ros/rover_nucleus/install/brain_system/lib'
[7.677s] Level 1:colcon.colcon_core.environment:checking '/home/ian/rover_ros/rover_nucleus/install/brain_system/bin'
[7.677s] Level 1:colcon.colcon_core.environment:checking '/home/ian/rover_ros/rover_nucleus/install/brain_system/lib/pkgconfig/brain_system.pc'
[7.678s] Level 1:colcon.colcon_core.environment:checking '/home/ian/rover_ros/rover_nucleus/install/brain_system/lib/python3.8/site-packages'
[7.678s] Level 1:colcon.colcon_core.shell:create_environment_hook('brain_system', 'pythonpath')
[7.685s] INFO:colcon.colcon_core.shell:Creating environment hook '/home/ian/rover_ros/rover_nucleus/install/brain_system/share/brain_system/hook/pythonpath.ps1'
[7.687s] INFO:colcon.colcon_core.shell:Creating environment descriptor '/home/ian/rover_ros/rover_nucleus/install/brain_system/share/brain_system/hook/pythonpath.dsv'
[7.689s] INFO:colcon.colcon_core.shell:Creating environment hook '/home/ian/rover_ros/rover_nucleus/install/brain_system/share/brain_system/hook/pythonpath.sh'
[7.691s] Level 1:colcon.colcon_core.environment:checking '/home/ian/rover_ros/rover_nucleus/install/brain_system/bin'
[7.691s] Level 1:colcon.colcon_core.environment:create_environment_scripts_only(brain_system)
[7.698s] INFO:colcon.colcon_core.shell:Creating package script '/home/ian/rover_ros/rover_nucleus/install/brain_system/share/brain_system/package.ps1'
[7.702s] INFO:colcon.colcon_core.shell:Creating package descriptor '/home/ian/rover_ros/rover_nucleus/install/brain_system/share/brain_system/package.dsv'
[7.705s] INFO:colcon.colcon_core.shell:Creating package script '/home/ian/rover_ros/rover_nucleus/install/brain_system/share/brain_system/package.sh'
[7.708s] INFO:colcon.colcon_core.shell:Creating package script '/home/ian/rover_ros/rover_nucleus/install/brain_system/share/brain_system/package.bash'
[7.712s] INFO:colcon.colcon_core.shell:Creating package script '/home/ian/rover_ros/rover_nucleus/install/brain_system/share/brain_system/package.zsh'
[7.715s] Level 1:colcon.colcon_core.environment:create_file_with_runtime_dependencies(/home/ian/rover_ros/rover_nucleus/install/brain_system/share/colcon-core/packages/brain_system)
[7.717s] DEBUG:colcon.colcon_parallel_executor.executor.parallel:closing loop
[7.718s] DEBUG:colcon.colcon_parallel_executor.executor.parallel:loop closed
[7.719s] DEBUG:colcon.colcon_parallel_executor.executor.parallel:run_until_complete finished with '0'
[7.720s] DEBUG:colcon.colcon_core.event_reactor:joining thread
[7.761s] INFO:colcon.colcon_core.plugin_system:Skipping extension 'colcon_notification.desktop_notification.terminal_notifier': Not used on non-Darwin systems
[7.762s] INFO:colcon.colcon_core.plugin_system:Skipping extension 'colcon_notification.desktop_notification.win32': Not used on non-Windows systems
[7.762s] INFO:colcon.colcon_notification.desktop_notification:Sending desktop notification using 'notify2'
[7.842s] DEBUG:colcon.colcon_core.event_reactor:joined thread
[7.850s] INFO:colcon.colcon_core.shell:Creating prefix script '/home/ian/rover_ros/rover_nucleus/install/local_setup.ps1'
[7.858s] INFO:colcon.colcon_core.shell:Creating prefix util module '/home/ian/rover_ros/rover_nucleus/install/_local_setup_util_ps1.py'
[7.864s] INFO:colcon.colcon_core.shell:Creating prefix chain script '/home/ian/rover_ros/rover_nucleus/install/setup.ps1'
[7.872s] INFO:colcon.colcon_core.shell:Creating prefix script '/home/ian/rover_ros/rover_nucleus/install/local_setup.sh'
[7.875s] INFO:colcon.colcon_core.shell:Creating prefix util module '/home/ian/rover_ros/rover_nucleus/install/_local_setup_util_sh.py'
[7.878s] INFO:colcon.colcon_core.shell:Creating prefix chain script '/home/ian/rover_ros/rover_nucleus/install/setup.sh'
[7.885s] INFO:colcon.colcon_core.shell:Creating prefix script '/home/ian/rover_ros/rover_nucleus/install/local_setup.bash'
[7.888s] INFO:colcon.colcon_core.shell:Creating prefix chain script '/home/ian/rover_ros/rover_nucleus/install/setup.bash'
[7.896s] INFO:colcon.colcon_core.shell:Creating prefix script '/home/ian/rover_ros/rover_nucleus/install/local_setup.zsh'
[7.898s] INFO:colcon.colcon_core.shell:Creating prefix chain script '/home/ian/rover_ros/rover_nucleus/install/setup.zsh'
