running egg_info
writing ../../build/brain_system/brain_system.egg-info/PKG-INFO
writing dependency_links to ../../build/brain_system/brain_system.egg-info/dependency_links.txt
writing entry points to ../../build/brain_system/brain_system.egg-info/entry_points.txt
writing requirements to ../../build/brain_system/brain_system.egg-info/requires.txt
writing top-level names to ../../build/brain_system/brain_system.egg-info/top_level.txt
reading manifest file '../../build/brain_system/brain_system.egg-info/SOURCES.txt'
writing manifest file '../../build/brain_system/brain_system.egg-info/SOURCES.txt'
running build
running build_py
running install
running install_lib
running install_data
running install_egg_info
removing '/home/ian/rover_ros/rover_nucleus/install/brain_system/lib/python3.8/site-packages/brain_system-1.0.0-py3.8.egg-info' (and everything under it)
Copying ../../build/brain_system/brain_system.egg-info to /home/ian/rover_ros/rover_nucleus/install/brain_system/lib/python3.8/site-packages/brain_system-1.0.0-py3.8.egg-info
running install_scripts
Installing listener script to /home/ian/rover_ros/rover_nucleus/install/brain_system/lib/brain_system
Installing talker script to /home/ian/rover_ros/rover_nucleus/install/brain_system/lib/brain_system
writing list of installed files to '/home/ian/rover_ros/rover_nucleus/build/brain_system/install.log'
