running egg_info
creating ../../build/brain_system/brain_system.egg-info
writing ../../build/brain_system/brain_system.egg-info/PKG-INFO
writing dependency_links to ../../build/brain_system/brain_system.egg-info/dependency_links.txt
writing entry points to ../../build/brain_system/brain_system.egg-info/entry_points.txt
writing requirements to ../../build/brain_system/brain_system.egg-info/requires.txt
writing top-level names to ../../build/brain_system/brain_system.egg-info/top_level.txt
writing manifest file '../../build/brain_system/brain_system.egg-info/SOURCES.txt'
reading manifest file '../../build/brain_system/brain_system.egg-info/SOURCES.txt'
writing manifest file '../../build/brain_system/brain_system.egg-info/SOURCES.txt'
running build
running build_py
creating /home/ian/rover_ros/rover_nucleus/build/brain_system/build
creating /home/ian/rover_ros/rover_nucleus/build/brain_system/build/lib
creating /home/ian/rover_ros/rover_nucleus/build/brain_system/build/lib/brain_system
copying brain_system/__init__.py -> /home/ian/rover_ros/rover_nucleus/build/brain_system/build/lib/brain_system
running install
running install_lib
creating /home/ian/rover_ros/rover_nucleus/install/brain_system/lib/python3.8/site-packages/brain_system
copying /home/ian/rover_ros/rover_nucleus/build/brain_system/build/lib/brain_system/__init__.py -> /home/ian/rover_ros/rover_nucleus/install/brain_system/lib/python3.8/site-packages/brain_system
byte-compiling /home/ian/rover_ros/rover_nucleus/install/brain_system/lib/python3.8/site-packages/brain_system/__init__.py to __init__.cpython-38.pyc
running install_data
creating /home/ian/rover_ros/rover_nucleus/install/brain_system/share/ament_index
creating /home/ian/rover_ros/rover_nucleus/install/brain_system/share/ament_index/resource_index
creating /home/ian/rover_ros/rover_nucleus/install/brain_system/share/ament_index/resource_index/packages
copying resource/brain_system -> /home/ian/rover_ros/rover_nucleus/install/brain_system/share/ament_index/resource_index/packages
copying package.xml -> /home/ian/rover_ros/rover_nucleus/install/brain_system/share/brain_system
running install_egg_info
Copying ../../build/brain_system/brain_system.egg-info to /home/ian/rover_ros/rover_nucleus/install/brain_system/lib/python3.8/site-packages/brain_system-1.0.0-py3.8.egg-info
running install_scripts
Installing listener script to /home/ian/rover_ros/rover_nucleus/install/brain_system/lib/brain_system
Installing talker script to /home/ian/rover_ros/rover_nucleus/install/brain_system/lib/brain_system
writing list of installed files to '/home/ian/rover_ros/rover_nucleus/build/brain_system/install.log'
