[3.459s] Invoking command in '/home/ian/rover_ros/rover_nucleus/src/brain_system': PYTHONPATH=/home/ian/rover_ros/rover_nucleus/build/brain_system/prefix_override:/home/ian/rover_ros/rover_nucleus/install/brain_system/lib/python3.8/site-packages:${PYTHONPATH} /usr/bin/python3 setup.py egg_info --egg-base ../../build/brain_system build --build-base /home/ian/rover_ros/rover_nucleus/build/brain_system/build install --record /home/ian/rover_ros/rover_nucleus/build/brain_system/install.log --install-scripts $base/lib/brain_system --single-version-externally-managed
[4.569s] running egg_info
[4.571s] creating ../../build/brain_system/brain_system.egg-info
[4.572s] writing ../../build/brain_system/brain_system.egg-info/PKG-INFO
[4.575s] writing dependency_links to ../../build/brain_system/brain_system.egg-info/dependency_links.txt
[4.576s] writing entry points to ../../build/brain_system/brain_system.egg-info/entry_points.txt
[4.576s] writing requirements to ../../build/brain_system/brain_system.egg-info/requires.txt
[4.577s] writing top-level names to ../../build/brain_system/brain_system.egg-info/top_level.txt
[4.587s] writing manifest file '../../build/brain_system/brain_system.egg-info/SOURCES.txt'
[4.744s] reading manifest file '../../build/brain_system/brain_system.egg-info/SOURCES.txt'
[4.747s] writing manifest file '../../build/brain_system/brain_system.egg-info/SOURCES.txt'
[4.748s] running build
[4.749s] running build_py
[4.751s] creating /home/ian/rover_ros/rover_nucleus/build/brain_system/build
[4.753s] creating /home/ian/rover_ros/rover_nucleus/build/brain_system/build/lib
[4.754s] creating /home/ian/rover_ros/rover_nucleus/build/brain_system/build/lib/brain_system
[4.755s] copying brain_system/__init__.py -> /home/ian/rover_ros/rover_nucleus/build/brain_system/build/lib/brain_system
[4.756s] running install
[4.757s] running install_lib
[4.758s] creating /home/ian/rover_ros/rover_nucleus/install/brain_system/lib/python3.8/site-packages/brain_system
[4.758s] copying /home/ian/rover_ros/rover_nucleus/build/brain_system/build/lib/brain_system/__init__.py -> /home/ian/rover_ros/rover_nucleus/install/brain_system/lib/python3.8/site-packages/brain_system
[4.760s] byte-compiling /home/ian/rover_ros/rover_nucleus/install/brain_system/lib/python3.8/site-packages/brain_system/__init__.py to __init__.cpython-38.pyc
[4.765s] running install_data
[4.768s] creating /home/ian/rover_ros/rover_nucleus/install/brain_system/share/ament_index
[4.769s] creating /home/ian/rover_ros/rover_nucleus/install/brain_system/share/ament_index/resource_index
[4.769s] creating /home/ian/rover_ros/rover_nucleus/install/brain_system/share/ament_index/resource_index/packages
[4.770s] copying resource/brain_system -> /home/ian/rover_ros/rover_nucleus/install/brain_system/share/ament_index/resource_index/packages
[4.770s] copying package.xml -> /home/ian/rover_ros/rover_nucleus/install/brain_system/share/brain_system
[4.771s] running install_egg_info
[4.776s] Copying ../../build/brain_system/brain_system.egg-info to /home/ian/rover_ros/rover_nucleus/install/brain_system/lib/python3.8/site-packages/brain_system-1.0.0-py3.8.egg-info
[4.781s] running install_scripts
[4.862s] Installing listener script to /home/ian/rover_ros/rover_nucleus/install/brain_system/lib/brain_system
[4.863s] Installing talker script to /home/ian/rover_ros/rover_nucleus/install/brain_system/lib/brain_system
[4.864s] writing list of installed files to '/home/ian/rover_ros/rover_nucleus/build/brain_system/install.log'
[4.967s] Invoked command in '/home/ian/rover_ros/rover_nucleus/src/brain_system' returned '0': PYTHONPATH=/home/ian/rover_ros/rover_nucleus/build/brain_system/prefix_override:/home/ian/rover_ros/rover_nucleus/install/brain_system/lib/python3.8/site-packages:${PYTHONPATH} /usr/bin/python3 setup.py egg_info --egg-base ../../build/brain_system build --build-base /home/ian/rover_ros/rover_nucleus/build/brain_system/build install --record /home/ian/rover_ros/rover_nucleus/build/brain_system/install.log --install-scripts $base/lib/brain_system --single-version-externally-managed
